[0.270s] DEBUG:colcon:Command line arguments: ['/usr/bin/colcon', 'build', '--symlink-install']
[0.270s] DEBUG:colcon:Parsed command line arguments: Namespace(log_base=None, log_level=None, verb_name='build', build_base='build', install_base='install', merge_install=False, symlink_install=True, test_result_base=None, continue_on_error=False, executor='parallel', parallel_workers=4, event_handlers=None, ignore_user_meta=False, metas=['./colcon.meta'], base_paths=['.'], packages_ignore=None, packages_ignore_regex=None, paths=None, packages_up_to=None, packages_up_to_regex=None, packages_above=None, packages_above_and_dependencies=None, packages_above_depth=None, packages_select_by_dep=None, packages_skip_by_dep=None, packages_skip_up_to=None, packages_select_build_failed=False, packages_skip_build_finished=False, packages_select_test_failures=False, packages_skip_test_passed=False, packages_select=None, packages_skip=None, packages_select_regex=None, packages_skip_regex=None, packages_start=None, packages_end=None, allow_overriding=[], cmake_args=None, cmake_target=None, cmake_target_skip_unavailable=False, cmake_clean_cache=False, cmake_clean_first=False, cmake_force_configure=False, ament_cmake_args=None, catkin_cmake_args=None, catkin_skip_building_tests=False, verb_parser=<colcon_defaults.argument_parser.defaults.DefaultArgumentsDecorator object at 0x72738221ad70>, verb_extension=<colcon_core.verb.build.BuildVerb object at 0x7273823c43d0>, main=<bound method BuildVerb.main of <colcon_core.verb.build.BuildVerb object at 0x7273823c43d0>>)
[0.763s] Level 1:colcon.colcon_core.package_discovery:discover_packages(colcon_meta) check parameters
[0.763s] Level 1:colcon.colcon_core.package_discovery:discover_packages(recursive) check parameters
[0.765s] Level 1:colcon.colcon_core.package_discovery:discover_packages(ignore) check parameters
[0.765s] Level 1:colcon.colcon_core.package_discovery:discover_packages(path) check parameters
[0.765s] Level 1:colcon.colcon_core.package_discovery:discover_packages(colcon_meta) discover
[0.765s] Level 1:colcon.colcon_core.package_discovery:discover_packages(recursive) discover
[0.765s] INFO:colcon.colcon_core.package_discovery:Crawling recursively for packages in '/home/golfsko/dev_ws'
[0.765s] Level 1:colcon.colcon_core.package_identification:_identify(.) by extensions ['ignore', 'ignore_ament_install']
[0.766s] Level 1:colcon.colcon_core.package_identification:_identify(.) by extension 'ignore'
[0.766s] Level 1:colcon.colcon_core.package_identification:_identify(.) by extension 'ignore_ament_install'
[0.766s] Level 1:colcon.colcon_core.package_identification:_identify(.) by extensions ['colcon_pkg']
[0.766s] Level 1:colcon.colcon_core.package_identification:_identify(.) by extension 'colcon_pkg'
[0.766s] Level 1:colcon.colcon_core.package_identification:_identify(.) by extensions ['colcon_meta']
[0.766s] Level 1:colcon.colcon_core.package_identification:_identify(.) by extension 'colcon_meta'
[0.766s] Level 1:colcon.colcon_core.package_identification:_identify(.) by extensions ['ros']
[0.766s] Level 1:colcon.colcon_core.package_identification:_identify(.) by extension 'ros'
[0.781s] Level 1:colcon.colcon_core.package_identification:_identify(.) by extensions ['cmake', 'python']
[0.781s] Level 1:colcon.colcon_core.package_identification:_identify(.) by extension 'cmake'
[0.782s] Level 1:colcon.colcon_core.package_identification:_identify(.) by extension 'python'
[0.782s] Level 1:colcon.colcon_core.package_identification:_identify(.) by extensions ['python_setup_py']
[0.782s] Level 1:colcon.colcon_core.package_identification:_identify(.) by extension 'python_setup_py'
[0.784s] Level 1:colcon.colcon_core.package_identification:_identify(build) by extensions ['ignore', 'ignore_ament_install']
[0.784s] Level 1:colcon.colcon_core.package_identification:_identify(build) by extension 'ignore'
[0.784s] Level 1:colcon.colcon_core.package_identification:_identify(build) ignored
[0.784s] Level 1:colcon.colcon_core.package_identification:_identify(install) by extensions ['ignore', 'ignore_ament_install']
[0.785s] Level 1:colcon.colcon_core.package_identification:_identify(install) by extension 'ignore'
[0.785s] Level 1:colcon.colcon_core.package_identification:_identify(install) ignored
[0.785s] Level 1:colcon.colcon_core.package_identification:_identify(log) by extensions ['ignore', 'ignore_ament_install']
[0.785s] Level 1:colcon.colcon_core.package_identification:_identify(log) by extension 'ignore'
[0.785s] Level 1:colcon.colcon_core.package_identification:_identify(log) ignored
[0.785s] Level 1:colcon.colcon_core.package_identification:_identify(src) by extensions ['ignore', 'ignore_ament_install']
[0.785s] Level 1:colcon.colcon_core.package_identification:_identify(src) by extension 'ignore'
[0.785s] Level 1:colcon.colcon_core.package_identification:_identify(src) by extension 'ignore_ament_install'
[0.785s] Level 1:colcon.colcon_core.package_identification:_identify(src) by extensions ['colcon_pkg']
[0.785s] Level 1:colcon.colcon_core.package_identification:_identify(src) by extension 'colcon_pkg'
[0.785s] Level 1:colcon.colcon_core.package_identification:_identify(src) by extensions ['colcon_meta']
[0.785s] Level 1:colcon.colcon_core.package_identification:_identify(src) by extension 'colcon_meta'
[0.785s] Level 1:colcon.colcon_core.package_identification:_identify(src) by extensions ['ros']
[0.785s] Level 1:colcon.colcon_core.package_identification:_identify(src) by extension 'ros'
[0.785s] Level 1:colcon.colcon_core.package_identification:_identify(src) by extensions ['cmake', 'python']
[0.785s] Level 1:colcon.colcon_core.package_identification:_identify(src) by extension 'cmake'
[0.785s] Level 1:colcon.colcon_core.package_identification:_identify(src) by extension 'python'
[0.785s] Level 1:colcon.colcon_core.package_identification:_identify(src) by extensions ['python_setup_py']
[0.785s] Level 1:colcon.colcon_core.package_identification:_identify(src) by extension 'python_setup_py'
[0.786s] Level 1:colcon.colcon_core.package_identification:_identify(src/robotklipper) by extensions ['ignore', 'ignore_ament_install']
[0.786s] Level 1:colcon.colcon_core.package_identification:_identify(src/robotklipper) by extension 'ignore'
[0.786s] Level 1:colcon.colcon_core.package_identification:_identify(src/robotklipper) by extension 'ignore_ament_install'
[0.786s] Level 1:colcon.colcon_core.package_identification:_identify(src/robotklipper) by extensions ['colcon_pkg']
[0.786s] Level 1:colcon.colcon_core.package_identification:_identify(src/robotklipper) by extension 'colcon_pkg'
[0.786s] Level 1:colcon.colcon_core.package_identification:_identify(src/robotklipper) by extensions ['colcon_meta']
[0.786s] Level 1:colcon.colcon_core.package_identification:_identify(src/robotklipper) by extension 'colcon_meta'
[0.786s] Level 1:colcon.colcon_core.package_identification:_identify(src/robotklipper) by extensions ['ros']
[0.786s] Level 1:colcon.colcon_core.package_identification:_identify(src/robotklipper) by extension 'ros'
[0.790s] DEBUG:colcon.colcon_core.package_identification:Package 'src/robotklipper' with type 'ros.ament_cmake' and name 'robotklipper'
[0.790s] Level 1:colcon.colcon_core.package_discovery:discover_packages(recursive) using defaults
[0.790s] Level 1:colcon.colcon_core.package_discovery:discover_packages(ignore) discover
[0.790s] Level 1:colcon.colcon_core.package_discovery:discover_packages(ignore) using defaults
[0.790s] Level 1:colcon.colcon_core.package_discovery:discover_packages(path) discover
[0.790s] Level 1:colcon.colcon_core.package_discovery:discover_packages(path) using defaults
[0.821s] Level 1:colcon.colcon_core.package_discovery:discover_packages(prefix_path) check parameters
[0.821s] Level 1:colcon.colcon_core.package_discovery:discover_packages(prefix_path) discover
[0.829s] DEBUG:colcon.colcon_installed_package_information.package_discovery:Found 1 installed packages in /home/golfsko/dev_ws/install
[0.831s] DEBUG:colcon.colcon_installed_package_information.package_discovery:Found 317 installed packages in /opt/ros/humble
[0.840s] Level 1:colcon.colcon_core.package_discovery:discover_packages(prefix_path) using defaults
[0.883s] Level 5:colcon.colcon_core.verb:set package 'robotklipper' build argument 'cmake_args' from command line to 'None'
[0.884s] Level 5:colcon.colcon_core.verb:set package 'robotklipper' build argument 'cmake_target' from command line to 'None'
[0.884s] Level 5:colcon.colcon_core.verb:set package 'robotklipper' build argument 'cmake_target_skip_unavailable' from command line to 'False'
[0.884s] Level 5:colcon.colcon_core.verb:set package 'robotklipper' build argument 'cmake_clean_cache' from command line to 'False'
[0.884s] Level 5:colcon.colcon_core.verb:set package 'robotklipper' build argument 'cmake_clean_first' from command line to 'False'
[0.884s] Level 5:colcon.colcon_core.verb:set package 'robotklipper' build argument 'cmake_force_configure' from command line to 'False'
[0.884s] Level 5:colcon.colcon_core.verb:set package 'robotklipper' build argument 'ament_cmake_args' from command line to 'None'
[0.884s] Level 5:colcon.colcon_core.verb:set package 'robotklipper' build argument 'catkin_cmake_args' from command line to 'None'
[0.884s] Level 5:colcon.colcon_core.verb:set package 'robotklipper' build argument 'catkin_skip_building_tests' from command line to 'False'
[0.884s] DEBUG:colcon.colcon_core.verb:Building package 'robotklipper' with the following arguments: {'ament_cmake_args': None, 'build_base': '/home/golfsko/dev_ws/build/robotklipper', 'catkin_cmake_args': None, 'catkin_skip_building_tests': False, 'cmake_args': None, 'cmake_clean_cache': False, 'cmake_clean_first': False, 'cmake_force_configure': False, 'cmake_target': None, 'cmake_target_skip_unavailable': False, 'install_base': '/home/golfsko/dev_ws/install/robotklipper', 'merge_install': False, 'path': '/home/golfsko/dev_ws/src/robotklipper', 'symlink_install': True, 'test_result_base': None}
[0.884s] INFO:colcon.colcon_core.executor:Executing jobs using 'parallel' executor
[0.885s] DEBUG:colcon.colcon_parallel_executor.executor.parallel:run_until_complete
[0.886s] INFO:colcon.colcon_ros.task.ament_cmake.build:Building ROS package in '/home/golfsko/dev_ws/src/robotklipper' with build type 'ament_cmake'
[0.886s] INFO:colcon.colcon_cmake.task.cmake.build:Building CMake package in '/home/golfsko/dev_ws/src/robotklipper'
[0.909s] INFO:colcon.colcon_core.plugin_system:Skipping extension 'colcon_core.shell.bat': Not used on non-Windows systems
[0.909s] INFO:colcon.colcon_core.shell:Skip shell extension 'powershell' for command environment: Not usable outside of PowerShell
[0.909s] DEBUG:colcon.colcon_core.shell:Skip shell extension 'dsv' for command environment
[0.936s] DEBUG:colcon.colcon_core.event_handler.log_command:Invoking command in '/home/golfsko/dev_ws/build/robotklipper': CMAKE_PREFIX_PATH=${CMAKE_PREFIX_PATH}:/opt/ros/humble /usr/bin/cmake --build /home/golfsko/dev_ws/build/robotklipper -- -j4 -l4
[1.026s] DEBUG:colcon.colcon_core.event_handler.log_command:Invoked command in '/home/golfsko/dev_ws/build/robotklipper' returned '0': CMAKE_PREFIX_PATH=${CMAKE_PREFIX_PATH}:/opt/ros/humble /usr/bin/cmake --build /home/golfsko/dev_ws/build/robotklipper -- -j4 -l4
[1.048s] DEBUG:colcon.colcon_core.event_handler.log_command:Invoking command in '/home/golfsko/dev_ws/build/robotklipper': CMAKE_PREFIX_PATH=${CMAKE_PREFIX_PATH}:/opt/ros/humble /usr/bin/cmake --install /home/golfsko/dev_ws/build/robotklipper
[1.098s] Level 1:colcon.colcon_core.environment:create_environment_scripts_only(robotklipper)
[1.100s] DEBUG:colcon.colcon_core.event_handler.log_command:Invoked command in '/home/golfsko/dev_ws/build/robotklipper' returned '0': CMAKE_PREFIX_PATH=${CMAKE_PREFIX_PATH}:/opt/ros/humble /usr/bin/cmake --install /home/golfsko/dev_ws/build/robotklipper
[1.112s] Level 1:colcon.colcon_core.environment:checking '/home/golfsko/dev_ws/install/robotklipper' for CMake module files
[1.114s] Level 1:colcon.colcon_core.environment:checking '/home/golfsko/dev_ws/install/robotklipper' for CMake config files
[1.124s] Level 1:colcon.colcon_core.shell:create_environment_hook('robotklipper', 'cmake_prefix_path')
[1.124s] INFO:colcon.colcon_core.shell:Creating environment hook '/home/golfsko/dev_ws/install/robotklipper/share/robotklipper/hook/cmake_prefix_path.ps1'
[1.126s] INFO:colcon.colcon_core.shell:Creating environment descriptor '/home/golfsko/dev_ws/install/robotklipper/share/robotklipper/hook/cmake_prefix_path.dsv'
[1.127s] INFO:colcon.colcon_core.shell:Creating environment hook '/home/golfsko/dev_ws/install/robotklipper/share/robotklipper/hook/cmake_prefix_path.sh'
[1.130s] Level 1:colcon.colcon_core.environment:checking '/home/golfsko/dev_ws/install/robotklipper/bin'
[1.130s] Level 1:colcon.colcon_core.environment:checking '/home/golfsko/dev_ws/install/robotklipper/lib/pkgconfig/robotklipper.pc'
[1.130s] Level 1:colcon.colcon_core.environment:checking '/home/golfsko/dev_ws/install/robotklipper/lib/python3.10/site-packages'
[1.130s] Level 1:colcon.colcon_core.environment:checking '/home/golfsko/dev_ws/install/robotklipper/bin'
[1.131s] INFO:colcon.colcon_core.shell:Creating package script '/home/golfsko/dev_ws/install/robotklipper/share/robotklipper/package.ps1'
[1.135s] INFO:colcon.colcon_core.shell:Creating package descriptor '/home/golfsko/dev_ws/install/robotklipper/share/robotklipper/package.dsv'
[1.137s] INFO:colcon.colcon_core.shell:Creating package script '/home/golfsko/dev_ws/install/robotklipper/share/robotklipper/package.sh'
[1.138s] INFO:colcon.colcon_core.shell:Creating package script '/home/golfsko/dev_ws/install/robotklipper/share/robotklipper/package.bash'
[1.140s] INFO:colcon.colcon_core.shell:Creating package script '/home/golfsko/dev_ws/install/robotklipper/share/robotklipper/package.zsh'
[1.141s] Level 1:colcon.colcon_core.environment:create_file_with_runtime_dependencies(/home/golfsko/dev_ws/install/robotklipper/share/colcon-core/packages/robotklipper)
[1.142s] Level 1:colcon.colcon_core.environment:create_environment_scripts_only(robotklipper)
[1.143s] Level 1:colcon.colcon_core.environment:checking '/home/golfsko/dev_ws/install/robotklipper' for CMake module files
[1.143s] Level 1:colcon.colcon_core.environment:checking '/home/golfsko/dev_ws/install/robotklipper' for CMake config files
[1.144s] Level 1:colcon.colcon_core.shell:create_environment_hook('robotklipper', 'cmake_prefix_path')
[1.144s] INFO:colcon.colcon_core.shell:Creating environment hook '/home/golfsko/dev_ws/install/robotklipper/share/robotklipper/hook/cmake_prefix_path.ps1'
[1.145s] INFO:colcon.colcon_core.shell:Creating environment descriptor '/home/golfsko/dev_ws/install/robotklipper/share/robotklipper/hook/cmake_prefix_path.dsv'
[1.145s] INFO:colcon.colcon_core.shell:Creating environment hook '/home/golfsko/dev_ws/install/robotklipper/share/robotklipper/hook/cmake_prefix_path.sh'
[1.146s] Level 1:colcon.colcon_core.environment:checking '/home/golfsko/dev_ws/install/robotklipper/bin'
[1.146s] Level 1:colcon.colcon_core.environment:checking '/home/golfsko/dev_ws/install/robotklipper/lib/pkgconfig/robotklipper.pc'
[1.147s] Level 1:colcon.colcon_core.environment:checking '/home/golfsko/dev_ws/install/robotklipper/lib/python3.10/site-packages'
[1.147s] Level 1:colcon.colcon_core.environment:checking '/home/golfsko/dev_ws/install/robotklipper/bin'
[1.147s] INFO:colcon.colcon_core.shell:Creating package script '/home/golfsko/dev_ws/install/robotklipper/share/robotklipper/package.ps1'
[1.148s] INFO:colcon.colcon_core.shell:Creating package descriptor '/home/golfsko/dev_ws/install/robotklipper/share/robotklipper/package.dsv'
[1.149s] INFO:colcon.colcon_core.shell:Creating package script '/home/golfsko/dev_ws/install/robotklipper/share/robotklipper/package.sh'
[1.149s] INFO:colcon.colcon_core.shell:Creating package script '/home/golfsko/dev_ws/install/robotklipper/share/robotklipper/package.bash'
[1.150s] INFO:colcon.colcon_core.shell:Creating package script '/home/golfsko/dev_ws/install/robotklipper/share/robotklipper/package.zsh'
[1.151s] Level 1:colcon.colcon_core.environment:create_file_with_runtime_dependencies(/home/golfsko/dev_ws/install/robotklipper/share/colcon-core/packages/robotklipper)
[1.151s] DEBUG:colcon.colcon_parallel_executor.executor.parallel:closing loop
[1.152s] DEBUG:colcon.colcon_parallel_executor.executor.parallel:loop closed
[1.152s] DEBUG:colcon.colcon_parallel_executor.executor.parallel:run_until_complete finished with '0'
[1.152s] DEBUG:colcon.colcon_core.event_reactor:joining thread
[1.167s] INFO:colcon.colcon_core.plugin_system:Skipping extension 'colcon_notification.desktop_notification.terminal_notifier': Not used on non-Darwin systems
[1.167s] INFO:colcon.colcon_core.plugin_system:Skipping extension 'colcon_notification.desktop_notification.win32': Not used on non-Windows systems
[1.167s] INFO:colcon.colcon_notification.desktop_notification:Sending desktop notification using 'notify2'
[1.186s] DEBUG:colcon.colcon_core.event_reactor:joined thread
[1.187s] INFO:colcon.colcon_core.shell:Creating prefix script '/home/golfsko/dev_ws/install/local_setup.ps1'
[1.190s] INFO:colcon.colcon_core.shell:Creating prefix util module '/home/golfsko/dev_ws/install/_local_setup_util_ps1.py'
[1.193s] INFO:colcon.colcon_core.shell:Creating prefix chain script '/home/golfsko/dev_ws/install/setup.ps1'
[1.196s] INFO:colcon.colcon_core.shell:Creating prefix script '/home/golfsko/dev_ws/install/local_setup.sh'
[1.198s] INFO:colcon.colcon_core.shell:Creating prefix util module '/home/golfsko/dev_ws/install/_local_setup_util_sh.py'
[1.200s] INFO:colcon.colcon_core.shell:Creating prefix chain script '/home/golfsko/dev_ws/install/setup.sh'
[1.202s] INFO:colcon.colcon_core.shell:Creating prefix script '/home/golfsko/dev_ws/install/local_setup.bash'
[1.204s] INFO:colcon.colcon_core.shell:Creating prefix chain script '/home/golfsko/dev_ws/install/setup.bash'
[1.207s] INFO:colcon.colcon_core.shell:Creating prefix script '/home/golfsko/dev_ws/install/local_setup.zsh'
[1.209s] INFO:colcon.colcon_core.shell:Creating prefix chain script '/home/golfsko/dev_ws/install/setup.zsh'
