-- Install configuration: ""
-- Execute custom install script
-- Up-to-date symlink: /home/golfsko/dev_ws/install/robotklipper/share/robotklipper/config/empty.yaml
-- Symlinking: /home/golfsko/dev_ws/install/robotklipper/share/robotklipper/config/gazebo_params.yaml
-- Up-to-date symlink: /home/golfsko/dev_ws/install/robotklipper/share/robotklipper/config/my_controllers.yaml
-- Up-to-date symlink: /home/golfsko/dev_ws/install/robotklipper/share/robotklipper/description/gazebo_control.xacro
-- Up-to-date symlink: /home/golfsko/dev_ws/install/robotklipper/share/robotklipper/description/inertial_macros.xacro
-- Up-to-date symlink: /home/golfsko/dev_ws/install/robotklipper/share/robotklipper/description/robot.urdf.xacro
-- Up-to-date symlink: /home/golfsko/dev_ws/install/robotklipper/share/robotklipper/description/robot_core.xacro
-- Up-to-date symlink: /home/golfsko/dev_ws/install/robotklipper/share/robotklipper/description/ros2_control.xacro
-- Up-to-date symlink: /home/golfsko/dev_ws/install/robotklipper/share/robotklipper/launch/launch_sim.launch.py
-- Up-to-date symlink: /home/golfsko/dev_ws/install/robotklipper/share/robotklipper/launch/rsp.launch.py
-- Up-to-date symlink: /home/golfsko/dev_ws/install/robotklipper/share/robotklipper/worlds/empty.world
-- Up-to-date symlink: /home/golfsko/dev_ws/install/robotklipper/share/robotklipper/worlds/obstacles.world
-- Up-to-date symlink: /home/golfsko/dev_ws/install/robotklipper/share/ament_index/resource_index/package_run_dependencies/robotklipper
-- Up-to-date symlink: /home/golfsko/dev_ws/install/robotklipper/share/ament_index/resource_index/parent_prefix_path/robotklipper
-- Up-to-date symlink: /home/golfsko/dev_ws/install/robotklipper/share/robotklipper/environment/ament_prefix_path.sh
-- Up-to-date symlink: /home/golfsko/dev_ws/install/robotklipper/share/robotklipper/environment/ament_prefix_path.dsv
-- Up-to-date symlink: /home/golfsko/dev_ws/install/robotklipper/share/robotklipper/environment/path.sh
-- Up-to-date symlink: /home/golfsko/dev_ws/install/robotklipper/share/robotklipper/environment/path.dsv
-- Up-to-date symlink: /home/golfsko/dev_ws/install/robotklipper/share/robotklipper/local_setup.bash
-- Up-to-date symlink: /home/golfsko/dev_ws/install/robotklipper/share/robotklipper/local_setup.sh
-- Up-to-date symlink: /home/golfsko/dev_ws/install/robotklipper/share/robotklipper/local_setup.zsh
-- Up-to-date symlink: /home/golfsko/dev_ws/install/robotklipper/share/robotklipper/local_setup.dsv
-- Symlinking: /home/golfsko/dev_ws/install/robotklipper/share/robotklipper/package.dsv
-- Up-to-date symlink: /home/golfsko/dev_ws/install/robotklipper/share/ament_index/resource_index/packages/robotklipper
-- Up-to-date symlink: /home/golfsko/dev_ws/install/robotklipper/share/robotklipper/cmake/robotklipperConfig.cmake
-- Up-to-date symlink: /home/golfsko/dev_ws/install/robotklipper/share/robotklipper/cmake/robotklipperConfig-version.cmake
-- Up-to-date symlink: /home/golfsko/dev_ws/install/robotklipper/share/robotklipper/package.xml
