[0.293s] DEBUG:colcon:Command line arguments: ['/usr/bin/colcon', 'build']
[0.293s] DEBUG:colcon:Parsed command line arguments: Namespace(log_base=None, log_level=None, verb_name='build', build_base='build', install_base='install', merge_install=False, symlink_install=False, test_result_base=None, continue_on_error=False, executor='parallel', parallel_workers=6, event_handlers=None, ignore_user_meta=False, metas=['./colcon.meta'], base_paths=['.'], packages_ignore=None, packages_ignore_regex=None, paths=None, packages_up_to=None, packages_up_to_regex=None, packages_above=None, packages_above_and_dependencies=None, packages_above_depth=None, packages_select_by_dep=None, packages_skip_by_dep=None, packages_skip_up_to=None, packages_select_build_failed=False, packages_skip_build_finished=False, packages_select_test_failures=False, packages_skip_test_passed=False, packages_select=None, packages_skip=None, packages_select_regex=None, packages_skip_regex=None, packages_start=None, packages_end=None, allow_overriding=[], cmake_args=None, cmake_target=None, cmake_target_skip_unavailable=False, cmake_clean_cache=False, cmake_clean_first=False, cmake_force_configure=False, ament_cmake_args=None, catkin_cmake_args=None, catkin_skip_building_tests=False, verb_parser=<colcon_defaults.argument_parser.defaults.DefaultArgumentsDecorator object at 0x7935fe31f940>, verb_extension=<colcon_core.verb.build.BuildVerb object at 0x7935fe4c8550>, main=<bound method BuildVerb.main of <colcon_core.verb.build.BuildVerb object at 0x7935fe4c8550>>)
[0.755s] Level 1:colcon.colcon_core.package_discovery:discover_packages(colcon_meta) check parameters
[0.755s] Level 1:colcon.colcon_core.package_discovery:discover_packages(recursive) check parameters
[0.755s] Level 1:colcon.colcon_core.package_discovery:discover_packages(ignore) check parameters
[0.755s] Level 1:colcon.colcon_core.package_discovery:discover_packages(path) check parameters
[0.755s] Level 1:colcon.colcon_core.package_discovery:discover_packages(colcon_meta) discover
[0.756s] Level 1:colcon.colcon_core.package_discovery:discover_packages(recursive) discover
[0.756s] INFO:colcon.colcon_core.package_discovery:Crawling recursively for packages in '/home/golfsko/dev_ws'
[0.756s] Level 1:colcon.colcon_core.package_identification:_identify(.) by extensions ['ignore', 'ignore_ament_install']
[0.756s] Level 1:colcon.colcon_core.package_identification:_identify(.) by extension 'ignore'
[0.756s] Level 1:colcon.colcon_core.package_identification:_identify(.) by extension 'ignore_ament_install'
[0.756s] Level 1:colcon.colcon_core.package_identification:_identify(.) by extensions ['colcon_pkg']
[0.756s] Level 1:colcon.colcon_core.package_identification:_identify(.) by extension 'colcon_pkg'
[0.756s] Level 1:colcon.colcon_core.package_identification:_identify(.) by extensions ['colcon_meta']
[0.756s] Level 1:colcon.colcon_core.package_identification:_identify(.) by extension 'colcon_meta'
[0.756s] Level 1:colcon.colcon_core.package_identification:_identify(.) by extensions ['ros']
[0.756s] Level 1:colcon.colcon_core.package_identification:_identify(.) by extension 'ros'
[0.766s] Level 1:colcon.colcon_core.package_identification:_identify(.) by extensions ['cmake', 'python']
[0.766s] Level 1:colcon.colcon_core.package_identification:_identify(.) by extension 'cmake'
[0.766s] Level 1:colcon.colcon_core.package_identification:_identify(.) by extension 'python'
[0.766s] Level 1:colcon.colcon_core.package_identification:_identify(.) by extensions ['python_setup_py']
[0.766s] Level 1:colcon.colcon_core.package_identification:_identify(.) by extension 'python_setup_py'
[0.767s] Level 1:colcon.colcon_core.package_identification:_identify(build) by extensions ['ignore', 'ignore_ament_install']
[0.767s] Level 1:colcon.colcon_core.package_identification:_identify(build) by extension 'ignore'
[0.767s] Level 1:colcon.colcon_core.package_identification:_identify(build) ignored
[0.768s] Level 1:colcon.colcon_core.package_identification:_identify(install) by extensions ['ignore', 'ignore_ament_install']
[0.768s] Level 1:colcon.colcon_core.package_identification:_identify(install) by extension 'ignore'
[0.768s] Level 1:colcon.colcon_core.package_identification:_identify(install) ignored
[0.768s] Level 1:colcon.colcon_core.package_identification:_identify(log) by extensions ['ignore', 'ignore_ament_install']
[0.768s] Level 1:colcon.colcon_core.package_identification:_identify(log) by extension 'ignore'
[0.768s] Level 1:colcon.colcon_core.package_identification:_identify(log) ignored
[0.768s] Level 1:colcon.colcon_core.package_identification:_identify(src) by extensions ['ignore', 'ignore_ament_install']
[0.768s] Level 1:colcon.colcon_core.package_identification:_identify(src) by extension 'ignore'
[0.768s] Level 1:colcon.colcon_core.package_identification:_identify(src) by extension 'ignore_ament_install'
[0.768s] Level 1:colcon.colcon_core.package_identification:_identify(src) by extensions ['colcon_pkg']
[0.768s] Level 1:colcon.colcon_core.package_identification:_identify(src) by extension 'colcon_pkg'
[0.768s] Level 1:colcon.colcon_core.package_identification:_identify(src) by extensions ['colcon_meta']
[0.768s] Level 1:colcon.colcon_core.package_identification:_identify(src) by extension 'colcon_meta'
[0.768s] Level 1:colcon.colcon_core.package_identification:_identify(src) by extensions ['ros']
[0.768s] Level 1:colcon.colcon_core.package_identification:_identify(src) by extension 'ros'
[0.768s] Level 1:colcon.colcon_core.package_identification:_identify(src) by extensions ['cmake', 'python']
[0.768s] Level 1:colcon.colcon_core.package_identification:_identify(src) by extension 'cmake'
[0.769s] Level 1:colcon.colcon_core.package_identification:_identify(src) by extension 'python'
[0.769s] Level 1:colcon.colcon_core.package_identification:_identify(src) by extensions ['python_setup_py']
[0.769s] Level 1:colcon.colcon_core.package_identification:_identify(src) by extension 'python_setup_py'
[0.770s] Level 1:colcon.colcon_core.package_identification:_identify(src/joy_tester) by extensions ['ignore', 'ignore_ament_install']
[0.770s] Level 1:colcon.colcon_core.package_identification:_identify(src/joy_tester) by extension 'ignore'
[0.770s] Level 1:colcon.colcon_core.package_identification:_identify(src/joy_tester) by extension 'ignore_ament_install'
[0.770s] Level 1:colcon.colcon_core.package_identification:_identify(src/joy_tester) by extensions ['colcon_pkg']
[0.770s] Level 1:colcon.colcon_core.package_identification:_identify(src/joy_tester) by extension 'colcon_pkg'
[0.770s] Level 1:colcon.colcon_core.package_identification:_identify(src/joy_tester) by extensions ['colcon_meta']
[0.770s] Level 1:colcon.colcon_core.package_identification:_identify(src/joy_tester) by extension 'colcon_meta'
[0.770s] Level 1:colcon.colcon_core.package_identification:_identify(src/joy_tester) by extensions ['ros']
[0.770s] Level 1:colcon.colcon_core.package_identification:_identify(src/joy_tester) by extension 'ros'
[0.773s] DEBUG:colcon.colcon_core.package_identification:Package 'src/joy_tester' with type 'ros.ament_python' and name 'joy_tester'
[0.774s] Level 1:colcon.colcon_core.package_identification:_identify(src/robotklipper) by extensions ['ignore', 'ignore_ament_install']
[0.774s] Level 1:colcon.colcon_core.package_identification:_identify(src/robotklipper) by extension 'ignore'
[0.774s] Level 1:colcon.colcon_core.package_identification:_identify(src/robotklipper) by extension 'ignore_ament_install'
[0.774s] Level 1:colcon.colcon_core.package_identification:_identify(src/robotklipper) by extensions ['colcon_pkg']
[0.774s] Level 1:colcon.colcon_core.package_identification:_identify(src/robotklipper) by extension 'colcon_pkg'
[0.774s] Level 1:colcon.colcon_core.package_identification:_identify(src/robotklipper) by extensions ['colcon_meta']
[0.774s] Level 1:colcon.colcon_core.package_identification:_identify(src/robotklipper) by extension 'colcon_meta'
[0.774s] Level 1:colcon.colcon_core.package_identification:_identify(src/robotklipper) by extensions ['ros']
[0.774s] Level 1:colcon.colcon_core.package_identification:_identify(src/robotklipper) by extension 'ros'
[0.775s] DEBUG:colcon.colcon_core.package_identification:Package 'src/robotklipper' with type 'ros.ament_cmake' and name 'robotklipper'
[0.775s] Level 1:colcon.colcon_core.package_discovery:discover_packages(recursive) using defaults
[0.775s] Level 1:colcon.colcon_core.package_discovery:discover_packages(ignore) discover
[0.775s] Level 1:colcon.colcon_core.package_discovery:discover_packages(ignore) using defaults
[0.775s] Level 1:colcon.colcon_core.package_discovery:discover_packages(path) discover
[0.775s] Level 1:colcon.colcon_core.package_discovery:discover_packages(path) using defaults
[0.817s] Level 1:colcon.colcon_core.package_discovery:discover_packages(prefix_path) check parameters
[0.818s] Level 1:colcon.colcon_core.package_discovery:discover_packages(prefix_path) discover
[0.832s] DEBUG:colcon.colcon_installed_package_information.package_discovery:Found 2 installed packages in /home/golfsko/dev_ws/install
[0.833s] DEBUG:colcon.colcon_installed_package_information.package_discovery:Found 1 installed packages in /home/golfsko/ros2_ws/install
[0.835s] DEBUG:colcon.colcon_installed_package_information.package_discovery:Found 321 installed packages in /opt/ros/humble
[0.846s] Level 1:colcon.colcon_core.package_discovery:discover_packages(prefix_path) using defaults
[1.168s] Level 5:colcon.colcon_core.verb:set package 'joy_tester' build argument 'cmake_args' from command line to 'None'
[1.169s] Level 5:colcon.colcon_core.verb:set package 'joy_tester' build argument 'cmake_target' from command line to 'None'
[1.169s] Level 5:colcon.colcon_core.verb:set package 'joy_tester' build argument 'cmake_target_skip_unavailable' from command line to 'False'
[1.169s] Level 5:colcon.colcon_core.verb:set package 'joy_tester' build argument 'cmake_clean_cache' from command line to 'False'
[1.169s] Level 5:colcon.colcon_core.verb:set package 'joy_tester' build argument 'cmake_clean_first' from command line to 'False'
[1.169s] Level 5:colcon.colcon_core.verb:set package 'joy_tester' build argument 'cmake_force_configure' from command line to 'False'
[1.169s] Level 5:colcon.colcon_core.verb:set package 'joy_tester' build argument 'ament_cmake_args' from command line to 'None'
[1.169s] Level 5:colcon.colcon_core.verb:set package 'joy_tester' build argument 'catkin_cmake_args' from command line to 'None'
[1.169s] Level 5:colcon.colcon_core.verb:set package 'joy_tester' build argument 'catkin_skip_building_tests' from command line to 'False'
[1.169s] DEBUG:colcon.colcon_core.verb:Building package 'joy_tester' with the following arguments: {'ament_cmake_args': None, 'build_base': '/home/golfsko/dev_ws/build/joy_tester', 'catkin_cmake_args': None, 'catkin_skip_building_tests': False, 'cmake_args': None, 'cmake_clean_cache': False, 'cmake_clean_first': False, 'cmake_force_configure': False, 'cmake_target': None, 'cmake_target_skip_unavailable': False, 'install_base': '/home/golfsko/dev_ws/install/joy_tester', 'merge_install': False, 'path': '/home/golfsko/dev_ws/src/joy_tester', 'symlink_install': False, 'test_result_base': None}
[1.169s] Level 5:colcon.colcon_core.verb:set package 'robotklipper' build argument 'cmake_args' from command line to 'None'
[1.169s] Level 5:colcon.colcon_core.verb:set package 'robotklipper' build argument 'cmake_target' from command line to 'None'
[1.169s] Level 5:colcon.colcon_core.verb:set package 'robotklipper' build argument 'cmake_target_skip_unavailable' from command line to 'False'
[1.169s] Level 5:colcon.colcon_core.verb:set package 'robotklipper' build argument 'cmake_clean_cache' from command line to 'False'
[1.169s] Level 5:colcon.colcon_core.verb:set package 'robotklipper' build argument 'cmake_clean_first' from command line to 'False'
[1.169s] Level 5:colcon.colcon_core.verb:set package 'robotklipper' build argument 'cmake_force_configure' from command line to 'False'
[1.169s] Level 5:colcon.colcon_core.verb:set package 'robotklipper' build argument 'ament_cmake_args' from command line to 'None'
[1.169s] Level 5:colcon.colcon_core.verb:set package 'robotklipper' build argument 'catkin_cmake_args' from command line to 'None'
[1.169s] Level 5:colcon.colcon_core.verb:set package 'robotklipper' build argument 'catkin_skip_building_tests' from command line to 'False'
[1.169s] DEBUG:colcon.colcon_core.verb:Building package 'robotklipper' with the following arguments: {'ament_cmake_args': None, 'build_base': '/home/golfsko/dev_ws/build/robotklipper', 'catkin_cmake_args': None, 'catkin_skip_building_tests': False, 'cmake_args': None, 'cmake_clean_cache': False, 'cmake_clean_first': False, 'cmake_force_configure': False, 'cmake_target': None, 'cmake_target_skip_unavailable': False, 'install_base': '/home/golfsko/dev_ws/install/robotklipper', 'merge_install': False, 'path': '/home/golfsko/dev_ws/src/robotklipper', 'symlink_install': False, 'test_result_base': None}
[1.170s] INFO:colcon.colcon_core.executor:Executing jobs using 'parallel' executor
[1.172s] DEBUG:colcon.colcon_parallel_executor.executor.parallel:run_until_complete
[1.172s] INFO:colcon.colcon_ros.task.ament_python.build:Building ROS package in '/home/golfsko/dev_ws/src/joy_tester' with build type 'ament_python'
[1.172s] Level 1:colcon.colcon_core.shell:create_environment_hook('joy_tester', 'ament_prefix_path')
[1.184s] INFO:colcon.colcon_core.plugin_system:Skipping extension 'colcon_core.shell.bat': Not used on non-Windows systems
[1.185s] INFO:colcon.colcon_core.shell:Creating environment hook '/home/golfsko/dev_ws/install/joy_tester/share/joy_tester/hook/ament_prefix_path.ps1'
[1.188s] INFO:colcon.colcon_core.shell:Creating environment descriptor '/home/golfsko/dev_ws/install/joy_tester/share/joy_tester/hook/ament_prefix_path.dsv'
[1.190s] INFO:colcon.colcon_core.shell:Creating environment hook '/home/golfsko/dev_ws/install/joy_tester/share/joy_tester/hook/ament_prefix_path.sh'
[1.192s] INFO:colcon.colcon_core.shell:Skip shell extension 'powershell' for command environment: Not usable outside of PowerShell
[1.192s] DEBUG:colcon.colcon_core.shell:Skip shell extension 'dsv' for command environment
[1.198s] INFO:colcon.colcon_ros.task.ament_cmake.build:Building ROS package in '/home/golfsko/dev_ws/src/robotklipper' with build type 'ament_cmake'
[1.198s] INFO:colcon.colcon_cmake.task.cmake.build:Building CMake package in '/home/golfsko/dev_ws/src/robotklipper'
[1.199s] INFO:colcon.colcon_core.shell:Skip shell extension 'powershell' for command environment: Not usable outside of PowerShell
[1.199s] DEBUG:colcon.colcon_core.shell:Skip shell extension 'dsv' for command environment
[1.468s] INFO:colcon.colcon_core.task.python.build:Building Python package in '/home/golfsko/dev_ws/src/joy_tester'
[1.468s] INFO:colcon.colcon_core.shell:Skip shell extension 'powershell' for command environment: Not usable outside of PowerShell
[1.469s] DEBUG:colcon.colcon_core.shell:Skip shell extension 'dsv' for command environment
[1.494s] DEBUG:colcon.colcon_core.event_handler.log_command:Invoking command in '/home/golfsko/dev_ws/build/robotklipper': CMAKE_PREFIX_PATH=${CMAKE_PREFIX_PATH}:/home/golfsko/dev_ws/install/joy_tester:/home/golfsko/ros2_ws/install/my_py_pkg:/opt/ros/humble /usr/bin/cmake --build /home/golfsko/dev_ws/build/robotklipper -- -j6 -l6
[1.654s] DEBUG:colcon.colcon_core.event_handler.log_command:Invoked command in '/home/golfsko/dev_ws/build/robotklipper' returned '0': CMAKE_PREFIX_PATH=${CMAKE_PREFIX_PATH}:/home/golfsko/dev_ws/install/joy_tester:/home/golfsko/ros2_ws/install/my_py_pkg:/opt/ros/humble /usr/bin/cmake --build /home/golfsko/dev_ws/build/robotklipper -- -j6 -l6
[1.679s] DEBUG:colcon.colcon_core.event_handler.log_command:Invoking command in '/home/golfsko/dev_ws/build/robotklipper': CMAKE_PREFIX_PATH=${CMAKE_PREFIX_PATH}:/home/golfsko/dev_ws/install/joy_tester:/home/golfsko/ros2_ws/install/my_py_pkg:/opt/ros/humble /usr/bin/cmake --install /home/golfsko/dev_ws/build/robotklipper
[1.725s] Level 1:colcon.colcon_core.environment:create_environment_scripts_only(robotklipper)
[1.729s] DEBUG:colcon.colcon_core.event_handler.log_command:Invoked command in '/home/golfsko/dev_ws/build/robotklipper' returned '0': CMAKE_PREFIX_PATH=${CMAKE_PREFIX_PATH}:/home/golfsko/dev_ws/install/joy_tester:/home/golfsko/ros2_ws/install/my_py_pkg:/opt/ros/humble /usr/bin/cmake --install /home/golfsko/dev_ws/build/robotklipper
[1.748s] Level 1:colcon.colcon_core.environment:checking '/home/golfsko/dev_ws/install/robotklipper' for CMake module files
[1.749s] Level 1:colcon.colcon_core.environment:checking '/home/golfsko/dev_ws/install/robotklipper' for CMake config files
[1.754s] Level 1:colcon.colcon_core.shell:create_environment_hook('robotklipper', 'cmake_prefix_path')
[1.754s] INFO:colcon.colcon_core.shell:Creating environment hook '/home/golfsko/dev_ws/install/robotklipper/share/robotklipper/hook/cmake_prefix_path.ps1'
[1.756s] INFO:colcon.colcon_core.shell:Creating environment descriptor '/home/golfsko/dev_ws/install/robotklipper/share/robotklipper/hook/cmake_prefix_path.dsv'
[1.756s] INFO:colcon.colcon_core.shell:Creating environment hook '/home/golfsko/dev_ws/install/robotklipper/share/robotklipper/hook/cmake_prefix_path.sh'
[1.757s] Level 1:colcon.colcon_core.environment:checking '/home/golfsko/dev_ws/install/robotklipper/bin'
[1.757s] Level 1:colcon.colcon_core.environment:checking '/home/golfsko/dev_ws/install/robotklipper/lib/pkgconfig/robotklipper.pc'
[1.759s] Level 1:colcon.colcon_core.environment:checking '/home/golfsko/dev_ws/install/robotklipper/lib/python3.10/site-packages'
[1.761s] Level 1:colcon.colcon_core.environment:checking '/home/golfsko/dev_ws/install/robotklipper/bin'
[1.762s] INFO:colcon.colcon_core.shell:Creating package script '/home/golfsko/dev_ws/install/robotklipper/share/robotklipper/package.ps1'
[1.773s] INFO:colcon.colcon_core.shell:Creating package descriptor '/home/golfsko/dev_ws/install/robotklipper/share/robotklipper/package.dsv'
[1.775s] INFO:colcon.colcon_core.shell:Creating package script '/home/golfsko/dev_ws/install/robotklipper/share/robotklipper/package.sh'
[1.777s] INFO:colcon.colcon_core.shell:Creating package script '/home/golfsko/dev_ws/install/robotklipper/share/robotklipper/package.bash'
[1.781s] INFO:colcon.colcon_core.shell:Creating package script '/home/golfsko/dev_ws/install/robotklipper/share/robotklipper/package.zsh'
[1.785s] Level 1:colcon.colcon_core.environment:create_file_with_runtime_dependencies(/home/golfsko/dev_ws/install/robotklipper/share/colcon-core/packages/robotklipper)
[1.786s] Level 1:colcon.colcon_core.environment:create_environment_scripts_only(robotklipper)
[1.786s] Level 1:colcon.colcon_core.environment:checking '/home/golfsko/dev_ws/install/robotklipper' for CMake module files
[1.787s] Level 1:colcon.colcon_core.environment:checking '/home/golfsko/dev_ws/install/robotklipper' for CMake config files
[1.788s] Level 1:colcon.colcon_core.shell:create_environment_hook('robotklipper', 'cmake_prefix_path')
[1.788s] INFO:colcon.colcon_core.shell:Creating environment hook '/home/golfsko/dev_ws/install/robotklipper/share/robotklipper/hook/cmake_prefix_path.ps1'
[1.789s] INFO:colcon.colcon_core.shell:Creating environment descriptor '/home/golfsko/dev_ws/install/robotklipper/share/robotklipper/hook/cmake_prefix_path.dsv'
[1.789s] INFO:colcon.colcon_core.shell:Creating environment hook '/home/golfsko/dev_ws/install/robotklipper/share/robotklipper/hook/cmake_prefix_path.sh'
[1.790s] Level 1:colcon.colcon_core.environment:checking '/home/golfsko/dev_ws/install/robotklipper/bin'
[1.790s] Level 1:colcon.colcon_core.environment:checking '/home/golfsko/dev_ws/install/robotklipper/lib/pkgconfig/robotklipper.pc'
[1.791s] Level 1:colcon.colcon_core.environment:checking '/home/golfsko/dev_ws/install/robotklipper/lib/python3.10/site-packages'
[1.791s] Level 1:colcon.colcon_core.environment:checking '/home/golfsko/dev_ws/install/robotklipper/bin'
[1.791s] INFO:colcon.colcon_core.shell:Creating package script '/home/golfsko/dev_ws/install/robotklipper/share/robotklipper/package.ps1'
[1.792s] INFO:colcon.colcon_core.shell:Creating package descriptor '/home/golfsko/dev_ws/install/robotklipper/share/robotklipper/package.dsv'
[1.793s] INFO:colcon.colcon_core.shell:Creating package script '/home/golfsko/dev_ws/install/robotklipper/share/robotklipper/package.sh'
[1.793s] INFO:colcon.colcon_core.shell:Creating package script '/home/golfsko/dev_ws/install/robotklipper/share/robotklipper/package.bash'
[1.794s] INFO:colcon.colcon_core.shell:Creating package script '/home/golfsko/dev_ws/install/robotklipper/share/robotklipper/package.zsh'
[1.795s] Level 1:colcon.colcon_core.environment:create_file_with_runtime_dependencies(/home/golfsko/dev_ws/install/robotklipper/share/colcon-core/packages/robotklipper)
[2.531s] DEBUG:colcon.colcon_core.event_handler.log_command:Invoking command in '/home/golfsko/dev_ws/src/joy_tester': PYTHONPATH=/home/golfsko/dev_ws/build/joy_tester/prefix_override:/usr/lib/python3/dist-packages/colcon_core/task/python/colcon_distutils_commands:/home/golfsko/dev_ws/install/joy_tester/lib/python3.10/site-packages:${PYTHONPATH} /usr/bin/python3 -W ignore:setup.py install is deprecated -W ignore:easy_install command is deprecated setup.py egg_info --egg-base ../../build/joy_tester build --build-base /home/golfsko/dev_ws/build/joy_tester/build install --record /home/golfsko/dev_ws/build/joy_tester/install.log --single-version-externally-managed install_data
[2.836s] Level 1:colcon.colcon_core.environment:checking '/home/golfsko/dev_ws/install/joy_tester' for CMake module files
[2.839s] DEBUG:colcon.colcon_core.event_handler.log_command:Invoked command in '/home/golfsko/dev_ws/src/joy_tester' returned '0': PYTHONPATH=/home/golfsko/dev_ws/build/joy_tester/prefix_override:/usr/lib/python3/dist-packages/colcon_core/task/python/colcon_distutils_commands:/home/golfsko/dev_ws/install/joy_tester/lib/python3.10/site-packages:${PYTHONPATH} /usr/bin/python3 -W ignore:setup.py install is deprecated -W ignore:easy_install command is deprecated setup.py egg_info --egg-base ../../build/joy_tester build --build-base /home/golfsko/dev_ws/build/joy_tester/build install --record /home/golfsko/dev_ws/build/joy_tester/install.log --single-version-externally-managed install_data
[2.842s] Level 1:colcon.colcon_core.environment:checking '/home/golfsko/dev_ws/install/joy_tester' for CMake config files
[2.846s] Level 1:colcon.colcon_core.environment:checking '/home/golfsko/dev_ws/install/joy_tester/lib'
[2.847s] Level 1:colcon.colcon_core.environment:checking '/home/golfsko/dev_ws/install/joy_tester/bin'
[2.847s] Level 1:colcon.colcon_core.environment:checking '/home/golfsko/dev_ws/install/joy_tester/lib/pkgconfig/joy_tester.pc'
[2.847s] Level 1:colcon.colcon_core.environment:checking '/home/golfsko/dev_ws/install/joy_tester/lib/python3.10/site-packages'
[2.848s] Level 1:colcon.colcon_core.shell:create_environment_hook('joy_tester', 'pythonpath')
[2.848s] INFO:colcon.colcon_core.shell:Creating environment hook '/home/golfsko/dev_ws/install/joy_tester/share/joy_tester/hook/pythonpath.ps1'
[2.848s] INFO:colcon.colcon_core.shell:Creating environment descriptor '/home/golfsko/dev_ws/install/joy_tester/share/joy_tester/hook/pythonpath.dsv'
[2.849s] INFO:colcon.colcon_core.shell:Creating environment hook '/home/golfsko/dev_ws/install/joy_tester/share/joy_tester/hook/pythonpath.sh'
[2.850s] Level 1:colcon.colcon_core.environment:checking '/home/golfsko/dev_ws/install/joy_tester/bin'
[2.850s] Level 1:colcon.colcon_core.environment:create_environment_scripts_only(joy_tester)
[2.851s] INFO:colcon.colcon_core.shell:Creating package script '/home/golfsko/dev_ws/install/joy_tester/share/joy_tester/package.ps1'
[2.851s] INFO:colcon.colcon_core.shell:Creating package descriptor '/home/golfsko/dev_ws/install/joy_tester/share/joy_tester/package.dsv'
[2.852s] INFO:colcon.colcon_core.shell:Creating package script '/home/golfsko/dev_ws/install/joy_tester/share/joy_tester/package.sh'
[2.853s] INFO:colcon.colcon_core.shell:Creating package script '/home/golfsko/dev_ws/install/joy_tester/share/joy_tester/package.bash'
[2.853s] INFO:colcon.colcon_core.shell:Creating package script '/home/golfsko/dev_ws/install/joy_tester/share/joy_tester/package.zsh'
[2.854s] Level 1:colcon.colcon_core.environment:create_file_with_runtime_dependencies(/home/golfsko/dev_ws/install/joy_tester/share/colcon-core/packages/joy_tester)
[2.854s] DEBUG:colcon.colcon_parallel_executor.executor.parallel:closing loop
[2.855s] DEBUG:colcon.colcon_parallel_executor.executor.parallel:loop closed
[2.855s] DEBUG:colcon.colcon_parallel_executor.executor.parallel:run_until_complete finished with '0'
[2.855s] DEBUG:colcon.colcon_core.event_reactor:joining thread
[2.879s] INFO:colcon.colcon_core.plugin_system:Skipping extension 'colcon_notification.desktop_notification.terminal_notifier': Not used on non-Darwin systems
[2.880s] INFO:colcon.colcon_core.plugin_system:Skipping extension 'colcon_notification.desktop_notification.win32': Not used on non-Windows systems
[2.880s] INFO:colcon.colcon_notification.desktop_notification:Sending desktop notification using 'notify2'
[2.905s] DEBUG:colcon.colcon_core.event_reactor:joined thread
[2.906s] INFO:colcon.colcon_core.shell:Creating prefix script '/home/golfsko/dev_ws/install/local_setup.ps1'
[2.909s] INFO:colcon.colcon_core.shell:Creating prefix util module '/home/golfsko/dev_ws/install/_local_setup_util_ps1.py'
[2.912s] INFO:colcon.colcon_core.shell:Creating prefix chain script '/home/golfsko/dev_ws/install/setup.ps1'
[2.914s] INFO:colcon.colcon_core.shell:Creating prefix script '/home/golfsko/dev_ws/install/local_setup.sh'
[2.917s] INFO:colcon.colcon_core.shell:Creating prefix util module '/home/golfsko/dev_ws/install/_local_setup_util_sh.py'
[2.918s] INFO:colcon.colcon_core.shell:Creating prefix chain script '/home/golfsko/dev_ws/install/setup.sh'
[2.920s] INFO:colcon.colcon_core.shell:Creating prefix script '/home/golfsko/dev_ws/install/local_setup.bash'
[2.922s] INFO:colcon.colcon_core.shell:Creating prefix chain script '/home/golfsko/dev_ws/install/setup.bash'
[2.924s] INFO:colcon.colcon_core.shell:Creating prefix script '/home/golfsko/dev_ws/install/local_setup.zsh'
[2.927s] INFO:colcon.colcon_core.shell:Creating prefix chain script '/home/golfsko/dev_ws/install/setup.zsh'
