[0.124s] DEBUG:colcon:Command line arguments: ['/usr/bin/colcon', 'build']
[0.124s] DEBUG:colcon:Parsed command line arguments: Namespace(log_base=None, log_level=None, verb_name='build', build_base='build', install_base='install', merge_install=False, symlink_install=False, test_result_base=None, continue_on_error=False, executor='parallel', parallel_workers=6, event_handlers=None, ignore_user_meta=False, metas=['./colcon.meta'], base_paths=['.'], packages_ignore=None, packages_ignore_regex=None, paths=None, packages_up_to=None, packages_up_to_regex=None, packages_above=None, packages_above_and_dependencies=None, packages_above_depth=None, packages_select_by_dep=None, packages_skip_by_dep=None, packages_skip_up_to=None, packages_select_build_failed=False, packages_skip_build_finished=False, packages_select_test_failures=False, packages_skip_test_passed=False, packages_select=None, packages_skip=None, packages_select_regex=None, packages_skip_regex=None, packages_start=None, packages_end=None, allow_overriding=[], cmake_args=None, cmake_target=None, cmake_target_skip_unavailable=False, cmake_clean_cache=False, cmake_clean_first=False, cmake_force_configure=False, ament_cmake_args=None, catkin_cmake_args=None, catkin_skip_building_tests=False, verb_parser=<colcon_defaults.argument_parser.defaults.DefaultArgumentsDecorator object at 0x75a00b923550>, verb_extension=<colcon_core.verb.build.BuildVerb object at 0x75a00bacc160>, main=<bound method BuildVerb.main of <colcon_core.verb.build.BuildVerb object at 0x75a00bacc160>>)
[0.295s] Level 1:colcon.colcon_core.package_discovery:discover_packages(colcon_meta) check parameters
[0.295s] Level 1:colcon.colcon_core.package_discovery:discover_packages(recursive) check parameters
[0.295s] Level 1:colcon.colcon_core.package_discovery:discover_packages(ignore) check parameters
[0.295s] Level 1:colcon.colcon_core.package_discovery:discover_packages(path) check parameters
[0.295s] Level 1:colcon.colcon_core.package_discovery:discover_packages(colcon_meta) discover
[0.295s] Level 1:colcon.colcon_core.package_discovery:discover_packages(recursive) discover
[0.295s] INFO:colcon.colcon_core.package_discovery:Crawling recursively for packages in '/home/golfsko/dev_ws'
[0.295s] Level 1:colcon.colcon_core.package_identification:_identify(.) by extensions ['ignore', 'ignore_ament_install']
[0.295s] Level 1:colcon.colcon_core.package_identification:_identify(.) by extension 'ignore'
[0.295s] Level 1:colcon.colcon_core.package_identification:_identify(.) by extension 'ignore_ament_install'
[0.295s] Level 1:colcon.colcon_core.package_identification:_identify(.) by extensions ['colcon_pkg']
[0.295s] Level 1:colcon.colcon_core.package_identification:_identify(.) by extension 'colcon_pkg'
[0.296s] Level 1:colcon.colcon_core.package_identification:_identify(.) by extensions ['colcon_meta']
[0.296s] Level 1:colcon.colcon_core.package_identification:_identify(.) by extension 'colcon_meta'
[0.296s] Level 1:colcon.colcon_core.package_identification:_identify(.) by extensions ['ros']
[0.296s] Level 1:colcon.colcon_core.package_identification:_identify(.) by extension 'ros'
[0.307s] Level 1:colcon.colcon_core.package_identification:_identify(.) by extensions ['cmake', 'python']
[0.307s] Level 1:colcon.colcon_core.package_identification:_identify(.) by extension 'cmake'
[0.307s] Level 1:colcon.colcon_core.package_identification:_identify(.) by extension 'python'
[0.307s] Level 1:colcon.colcon_core.package_identification:_identify(.) by extensions ['python_setup_py']
[0.307s] Level 1:colcon.colcon_core.package_identification:_identify(.) by extension 'python_setup_py'
[0.308s] Level 1:colcon.colcon_core.package_identification:_identify(build) by extensions ['ignore', 'ignore_ament_install']
[0.308s] Level 1:colcon.colcon_core.package_identification:_identify(build) by extension 'ignore'
[0.308s] Level 1:colcon.colcon_core.package_identification:_identify(build) ignored
[0.308s] Level 1:colcon.colcon_core.package_identification:_identify(install) by extensions ['ignore', 'ignore_ament_install']
[0.308s] Level 1:colcon.colcon_core.package_identification:_identify(install) by extension 'ignore'
[0.308s] Level 1:colcon.colcon_core.package_identification:_identify(install) ignored
[0.309s] Level 1:colcon.colcon_core.package_identification:_identify(log) by extensions ['ignore', 'ignore_ament_install']
[0.309s] Level 1:colcon.colcon_core.package_identification:_identify(log) by extension 'ignore'
[0.309s] Level 1:colcon.colcon_core.package_identification:_identify(log) ignored
[0.309s] Level 1:colcon.colcon_core.package_identification:_identify(src) by extensions ['ignore', 'ignore_ament_install']
[0.309s] Level 1:colcon.colcon_core.package_identification:_identify(src) by extension 'ignore'
[0.309s] Level 1:colcon.colcon_core.package_identification:_identify(src) by extension 'ignore_ament_install'
[0.309s] Level 1:colcon.colcon_core.package_identification:_identify(src) by extensions ['colcon_pkg']
[0.309s] Level 1:colcon.colcon_core.package_identification:_identify(src) by extension 'colcon_pkg'
[0.310s] Level 1:colcon.colcon_core.package_identification:_identify(src) by extensions ['colcon_meta']
[0.310s] Level 1:colcon.colcon_core.package_identification:_identify(src) by extension 'colcon_meta'
[0.310s] Level 1:colcon.colcon_core.package_identification:_identify(src) by extensions ['ros']
[0.310s] Level 1:colcon.colcon_core.package_identification:_identify(src) by extension 'ros'
[0.310s] Level 1:colcon.colcon_core.package_identification:_identify(src) by extensions ['cmake', 'python']
[0.310s] Level 1:colcon.colcon_core.package_identification:_identify(src) by extension 'cmake'
[0.310s] Level 1:colcon.colcon_core.package_identification:_identify(src) by extension 'python'
[0.310s] Level 1:colcon.colcon_core.package_identification:_identify(src) by extensions ['python_setup_py']
[0.310s] Level 1:colcon.colcon_core.package_identification:_identify(src) by extension 'python_setup_py'
[0.310s] Level 1:colcon.colcon_core.package_identification:_identify(src/joy_tester) by extensions ['ignore', 'ignore_ament_install']
[0.310s] Level 1:colcon.colcon_core.package_identification:_identify(src/joy_tester) by extension 'ignore'
[0.310s] Level 1:colcon.colcon_core.package_identification:_identify(src/joy_tester) by extension 'ignore_ament_install'
[0.310s] Level 1:colcon.colcon_core.package_identification:_identify(src/joy_tester) by extensions ['colcon_pkg']
[0.311s] Level 1:colcon.colcon_core.package_identification:_identify(src/joy_tester) by extension 'colcon_pkg'
[0.311s] Level 1:colcon.colcon_core.package_identification:_identify(src/joy_tester) by extensions ['colcon_meta']
[0.311s] Level 1:colcon.colcon_core.package_identification:_identify(src/joy_tester) by extension 'colcon_meta'
[0.311s] Level 1:colcon.colcon_core.package_identification:_identify(src/joy_tester) by extensions ['ros']
[0.311s] Level 1:colcon.colcon_core.package_identification:_identify(src/joy_tester) by extension 'ros'
[0.313s] DEBUG:colcon.colcon_core.package_identification:Package 'src/joy_tester' with type 'ros.ament_python' and name 'joy_tester'
[0.313s] Level 1:colcon.colcon_core.package_identification:_identify(src/robotklipper) by extensions ['ignore', 'ignore_ament_install']
[0.314s] Level 1:colcon.colcon_core.package_identification:_identify(src/robotklipper) by extension 'ignore'
[0.314s] Level 1:colcon.colcon_core.package_identification:_identify(src/robotklipper) by extension 'ignore_ament_install'
[0.314s] Level 1:colcon.colcon_core.package_identification:_identify(src/robotklipper) by extensions ['colcon_pkg']
[0.314s] Level 1:colcon.colcon_core.package_identification:_identify(src/robotklipper) by extension 'colcon_pkg'
[0.314s] Level 1:colcon.colcon_core.package_identification:_identify(src/robotklipper) by extensions ['colcon_meta']
[0.314s] Level 1:colcon.colcon_core.package_identification:_identify(src/robotklipper) by extension 'colcon_meta'
[0.314s] Level 1:colcon.colcon_core.package_identification:_identify(src/robotklipper) by extensions ['ros']
[0.315s] Level 1:colcon.colcon_core.package_identification:_identify(src/robotklipper) by extension 'ros'
[0.315s] DEBUG:colcon.colcon_core.package_identification:Package 'src/robotklipper' with type 'ros.ament_cmake' and name 'robotklipper'
[0.315s] Level 1:colcon.colcon_core.package_discovery:discover_packages(recursive) using defaults
[0.315s] Level 1:colcon.colcon_core.package_discovery:discover_packages(ignore) discover
[0.315s] Level 1:colcon.colcon_core.package_discovery:discover_packages(ignore) using defaults
[0.315s] Level 1:colcon.colcon_core.package_discovery:discover_packages(path) discover
[0.315s] Level 1:colcon.colcon_core.package_discovery:discover_packages(path) using defaults
[0.337s] Level 1:colcon.colcon_core.package_discovery:discover_packages(prefix_path) check parameters
[0.337s] Level 1:colcon.colcon_core.package_discovery:discover_packages(prefix_path) discover
[0.339s] DEBUG:colcon.colcon_installed_package_information.package_discovery:Found 2 installed packages in /home/golfsko/dev_ws/install
[0.339s] DEBUG:colcon.colcon_installed_package_information.package_discovery:Found 1 installed packages in /home/golfsko/ros2_ws/install
[0.341s] DEBUG:colcon.colcon_installed_package_information.package_discovery:Found 321 installed packages in /opt/ros/humble
[0.352s] Level 1:colcon.colcon_core.package_discovery:discover_packages(prefix_path) using defaults
[0.392s] Level 5:colcon.colcon_core.verb:set package 'joy_tester' build argument 'cmake_args' from command line to 'None'
[0.392s] Level 5:colcon.colcon_core.verb:set package 'joy_tester' build argument 'cmake_target' from command line to 'None'
[0.392s] Level 5:colcon.colcon_core.verb:set package 'joy_tester' build argument 'cmake_target_skip_unavailable' from command line to 'False'
[0.393s] Level 5:colcon.colcon_core.verb:set package 'joy_tester' build argument 'cmake_clean_cache' from command line to 'False'
[0.393s] Level 5:colcon.colcon_core.verb:set package 'joy_tester' build argument 'cmake_clean_first' from command line to 'False'
[0.393s] Level 5:colcon.colcon_core.verb:set package 'joy_tester' build argument 'cmake_force_configure' from command line to 'False'
[0.393s] Level 5:colcon.colcon_core.verb:set package 'joy_tester' build argument 'ament_cmake_args' from command line to 'None'
[0.393s] Level 5:colcon.colcon_core.verb:set package 'joy_tester' build argument 'catkin_cmake_args' from command line to 'None'
[0.393s] Level 5:colcon.colcon_core.verb:set package 'joy_tester' build argument 'catkin_skip_building_tests' from command line to 'False'
[0.393s] DEBUG:colcon.colcon_core.verb:Building package 'joy_tester' with the following arguments: {'ament_cmake_args': None, 'build_base': '/home/golfsko/dev_ws/build/joy_tester', 'catkin_cmake_args': None, 'catkin_skip_building_tests': False, 'cmake_args': None, 'cmake_clean_cache': False, 'cmake_clean_first': False, 'cmake_force_configure': False, 'cmake_target': None, 'cmake_target_skip_unavailable': False, 'install_base': '/home/golfsko/dev_ws/install/joy_tester', 'merge_install': False, 'path': '/home/golfsko/dev_ws/src/joy_tester', 'symlink_install': False, 'test_result_base': None}
[0.394s] Level 5:colcon.colcon_core.verb:set package 'robotklipper' build argument 'cmake_args' from command line to 'None'
[0.394s] Level 5:colcon.colcon_core.verb:set package 'robotklipper' build argument 'cmake_target' from command line to 'None'
[0.394s] Level 5:colcon.colcon_core.verb:set package 'robotklipper' build argument 'cmake_target_skip_unavailable' from command line to 'False'
[0.394s] Level 5:colcon.colcon_core.verb:set package 'robotklipper' build argument 'cmake_clean_cache' from command line to 'False'
[0.394s] Level 5:colcon.colcon_core.verb:set package 'robotklipper' build argument 'cmake_clean_first' from command line to 'False'
[0.394s] Level 5:colcon.colcon_core.verb:set package 'robotklipper' build argument 'cmake_force_configure' from command line to 'False'
[0.394s] Level 5:colcon.colcon_core.verb:set package 'robotklipper' build argument 'ament_cmake_args' from command line to 'None'
[0.394s] Level 5:colcon.colcon_core.verb:set package 'robotklipper' build argument 'catkin_cmake_args' from command line to 'None'
[0.394s] Level 5:colcon.colcon_core.verb:set package 'robotklipper' build argument 'catkin_skip_building_tests' from command line to 'False'
[0.394s] DEBUG:colcon.colcon_core.verb:Building package 'robotklipper' with the following arguments: {'ament_cmake_args': None, 'build_base': '/home/golfsko/dev_ws/build/robotklipper', 'catkin_cmake_args': None, 'catkin_skip_building_tests': False, 'cmake_args': None, 'cmake_clean_cache': False, 'cmake_clean_first': False, 'cmake_force_configure': False, 'cmake_target': None, 'cmake_target_skip_unavailable': False, 'install_base': '/home/golfsko/dev_ws/install/robotklipper', 'merge_install': False, 'path': '/home/golfsko/dev_ws/src/robotklipper', 'symlink_install': False, 'test_result_base': None}
[0.395s] INFO:colcon.colcon_core.executor:Executing jobs using 'parallel' executor
[0.399s] DEBUG:colcon.colcon_parallel_executor.executor.parallel:run_until_complete
[0.399s] INFO:colcon.colcon_ros.task.ament_python.build:Building ROS package in '/home/golfsko/dev_ws/src/joy_tester' with build type 'ament_python'
[0.400s] Level 1:colcon.colcon_core.shell:create_environment_hook('joy_tester', 'ament_prefix_path')
[0.404s] INFO:colcon.colcon_core.plugin_system:Skipping extension 'colcon_core.shell.bat': Not used on non-Windows systems
[0.404s] INFO:colcon.colcon_core.shell:Creating environment hook '/home/golfsko/dev_ws/install/joy_tester/share/joy_tester/hook/ament_prefix_path.ps1'
[0.405s] INFO:colcon.colcon_core.shell:Creating environment descriptor '/home/golfsko/dev_ws/install/joy_tester/share/joy_tester/hook/ament_prefix_path.dsv'
[0.406s] INFO:colcon.colcon_core.shell:Creating environment hook '/home/golfsko/dev_ws/install/joy_tester/share/joy_tester/hook/ament_prefix_path.sh'
[0.407s] INFO:colcon.colcon_core.shell:Skip shell extension 'powershell' for command environment: Not usable outside of PowerShell
[0.407s] DEBUG:colcon.colcon_core.shell:Skip shell extension 'dsv' for command environment
[0.412s] INFO:colcon.colcon_ros.task.ament_cmake.build:Building ROS package in '/home/golfsko/dev_ws/src/robotklipper' with build type 'ament_cmake'
[0.413s] INFO:colcon.colcon_cmake.task.cmake.build:Building CMake package in '/home/golfsko/dev_ws/src/robotklipper'
[0.413s] INFO:colcon.colcon_core.shell:Skip shell extension 'powershell' for command environment: Not usable outside of PowerShell
[0.413s] DEBUG:colcon.colcon_core.shell:Skip shell extension 'dsv' for command environment
[0.719s] INFO:colcon.colcon_core.task.python.build:Building Python package in '/home/golfsko/dev_ws/src/joy_tester'
[0.719s] INFO:colcon.colcon_core.shell:Skip shell extension 'powershell' for command environment: Not usable outside of PowerShell
[0.719s] DEBUG:colcon.colcon_core.shell:Skip shell extension 'dsv' for command environment
[0.740s] DEBUG:colcon.colcon_core.event_handler.log_command:Invoking command in '/home/golfsko/dev_ws/build/robotklipper': CMAKE_PREFIX_PATH=${CMAKE_PREFIX_PATH}:/home/golfsko/ros2_ws/install/my_py_pkg:/opt/ros/humble /usr/bin/cmake --build /home/golfsko/dev_ws/build/robotklipper -- -j6 -l6
[0.887s] DEBUG:colcon.colcon_core.event_handler.log_command:Invoked command in '/home/golfsko/dev_ws/build/robotklipper' returned '0': CMAKE_PREFIX_PATH=${CMAKE_PREFIX_PATH}:/home/golfsko/ros2_ws/install/my_py_pkg:/opt/ros/humble /usr/bin/cmake --build /home/golfsko/dev_ws/build/robotklipper -- -j6 -l6
[0.920s] DEBUG:colcon.colcon_core.event_handler.log_command:Invoking command in '/home/golfsko/dev_ws/build/robotklipper': CMAKE_PREFIX_PATH=${CMAKE_PREFIX_PATH}:/home/golfsko/ros2_ws/install/my_py_pkg:/opt/ros/humble /usr/bin/cmake --install /home/golfsko/dev_ws/build/robotklipper
[1.007s] Level 1:colcon.colcon_core.environment:create_environment_scripts_only(robotklipper)
[1.010s] DEBUG:colcon.colcon_core.event_handler.log_command:Invoked command in '/home/golfsko/dev_ws/build/robotklipper' returned '0': CMAKE_PREFIX_PATH=${CMAKE_PREFIX_PATH}:/home/golfsko/ros2_ws/install/my_py_pkg:/opt/ros/humble /usr/bin/cmake --install /home/golfsko/dev_ws/build/robotklipper
[1.012s] Level 1:colcon.colcon_core.environment:checking '/home/golfsko/dev_ws/install/robotklipper' for CMake module files
[1.012s] Level 1:colcon.colcon_core.environment:checking '/home/golfsko/dev_ws/install/robotklipper' for CMake config files
[1.013s] Level 1:colcon.colcon_core.shell:create_environment_hook('robotklipper', 'cmake_prefix_path')
[1.013s] INFO:colcon.colcon_core.shell:Creating environment hook '/home/golfsko/dev_ws/install/robotklipper/share/robotklipper/hook/cmake_prefix_path.ps1'
[1.014s] INFO:colcon.colcon_core.shell:Creating environment descriptor '/home/golfsko/dev_ws/install/robotklipper/share/robotklipper/hook/cmake_prefix_path.dsv'
[1.017s] INFO:colcon.colcon_core.shell:Creating environment hook '/home/golfsko/dev_ws/install/robotklipper/share/robotklipper/hook/cmake_prefix_path.sh'
[1.023s] Level 1:colcon.colcon_core.environment:checking '/home/golfsko/dev_ws/install/robotklipper/bin'
[1.023s] Level 1:colcon.colcon_core.environment:checking '/home/golfsko/dev_ws/install/robotklipper/lib/pkgconfig/robotklipper.pc'
[1.024s] Level 1:colcon.colcon_core.environment:checking '/home/golfsko/dev_ws/install/robotklipper/lib/python3.10/site-packages'
[1.024s] Level 1:colcon.colcon_core.environment:checking '/home/golfsko/dev_ws/install/robotklipper/bin'
[1.024s] INFO:colcon.colcon_core.shell:Creating package script '/home/golfsko/dev_ws/install/robotklipper/share/robotklipper/package.ps1'
[1.025s] INFO:colcon.colcon_core.shell:Creating package descriptor '/home/golfsko/dev_ws/install/robotklipper/share/robotklipper/package.dsv'
[1.026s] INFO:colcon.colcon_core.shell:Creating package script '/home/golfsko/dev_ws/install/robotklipper/share/robotklipper/package.sh'
[1.027s] INFO:colcon.colcon_core.shell:Creating package script '/home/golfsko/dev_ws/install/robotklipper/share/robotklipper/package.bash'
[1.031s] INFO:colcon.colcon_core.shell:Creating package script '/home/golfsko/dev_ws/install/robotklipper/share/robotklipper/package.zsh'
[1.032s] Level 1:colcon.colcon_core.environment:create_file_with_runtime_dependencies(/home/golfsko/dev_ws/install/robotklipper/share/colcon-core/packages/robotklipper)
[1.032s] Level 1:colcon.colcon_core.environment:create_environment_scripts_only(robotklipper)
[1.033s] Level 1:colcon.colcon_core.environment:checking '/home/golfsko/dev_ws/install/robotklipper' for CMake module files
[1.033s] Level 1:colcon.colcon_core.environment:checking '/home/golfsko/dev_ws/install/robotklipper' for CMake config files
[1.034s] Level 1:colcon.colcon_core.shell:create_environment_hook('robotklipper', 'cmake_prefix_path')
[1.034s] INFO:colcon.colcon_core.shell:Creating environment hook '/home/golfsko/dev_ws/install/robotklipper/share/robotklipper/hook/cmake_prefix_path.ps1'
[1.035s] INFO:colcon.colcon_core.shell:Creating environment descriptor '/home/golfsko/dev_ws/install/robotklipper/share/robotklipper/hook/cmake_prefix_path.dsv'
[1.035s] INFO:colcon.colcon_core.shell:Creating environment hook '/home/golfsko/dev_ws/install/robotklipper/share/robotklipper/hook/cmake_prefix_path.sh'
[1.036s] Level 1:colcon.colcon_core.environment:checking '/home/golfsko/dev_ws/install/robotklipper/bin'
[1.036s] Level 1:colcon.colcon_core.environment:checking '/home/golfsko/dev_ws/install/robotklipper/lib/pkgconfig/robotklipper.pc'
[1.036s] Level 1:colcon.colcon_core.environment:checking '/home/golfsko/dev_ws/install/robotklipper/lib/python3.10/site-packages'
[1.036s] Level 1:colcon.colcon_core.environment:checking '/home/golfsko/dev_ws/install/robotklipper/bin'
[1.037s] INFO:colcon.colcon_core.shell:Creating package script '/home/golfsko/dev_ws/install/robotklipper/share/robotklipper/package.ps1'
[1.039s] INFO:colcon.colcon_core.shell:Creating package descriptor '/home/golfsko/dev_ws/install/robotklipper/share/robotklipper/package.dsv'
[1.039s] INFO:colcon.colcon_core.shell:Creating package script '/home/golfsko/dev_ws/install/robotklipper/share/robotklipper/package.sh'
[1.040s] INFO:colcon.colcon_core.shell:Creating package script '/home/golfsko/dev_ws/install/robotklipper/share/robotklipper/package.bash'
[1.041s] INFO:colcon.colcon_core.shell:Creating package script '/home/golfsko/dev_ws/install/robotklipper/share/robotklipper/package.zsh'
[1.041s] Level 1:colcon.colcon_core.environment:create_file_with_runtime_dependencies(/home/golfsko/dev_ws/install/robotklipper/share/colcon-core/packages/robotklipper)
[1.265s] DEBUG:colcon.colcon_core.event_handler.log_command:Invoking command in '/home/golfsko/dev_ws/src/joy_tester': PYTHONPATH=/home/golfsko/dev_ws/build/joy_tester/prefix_override:/usr/lib/python3/dist-packages/colcon_core/task/python/colcon_distutils_commands:/home/golfsko/dev_ws/install/joy_tester/lib/python3.10/site-packages:${PYTHONPATH} /usr/bin/python3 -W ignore:setup.py install is deprecated -W ignore:easy_install command is deprecated setup.py egg_info --egg-base ../../build/joy_tester build --build-base /home/golfsko/dev_ws/build/joy_tester/build install --record /home/golfsko/dev_ws/build/joy_tester/install.log --single-version-externally-managed install_data
[1.588s] Level 1:colcon.colcon_core.environment:checking '/home/golfsko/dev_ws/install/joy_tester' for CMake module files
[1.589s] Level 1:colcon.colcon_core.environment:checking '/home/golfsko/dev_ws/install/joy_tester' for CMake config files
[1.590s] DEBUG:colcon.colcon_core.event_handler.log_command:Invoked command in '/home/golfsko/dev_ws/src/joy_tester' returned '0': PYTHONPATH=/home/golfsko/dev_ws/build/joy_tester/prefix_override:/usr/lib/python3/dist-packages/colcon_core/task/python/colcon_distutils_commands:/home/golfsko/dev_ws/install/joy_tester/lib/python3.10/site-packages:${PYTHONPATH} /usr/bin/python3 -W ignore:setup.py install is deprecated -W ignore:easy_install command is deprecated setup.py egg_info --egg-base ../../build/joy_tester build --build-base /home/golfsko/dev_ws/build/joy_tester/build install --record /home/golfsko/dev_ws/build/joy_tester/install.log --single-version-externally-managed install_data
[1.590s] Level 1:colcon.colcon_core.environment:checking '/home/golfsko/dev_ws/install/joy_tester/lib'
[1.591s] Level 1:colcon.colcon_core.environment:checking '/home/golfsko/dev_ws/install/joy_tester/bin'
[1.591s] Level 1:colcon.colcon_core.environment:checking '/home/golfsko/dev_ws/install/joy_tester/lib/pkgconfig/joy_tester.pc'
[1.591s] Level 1:colcon.colcon_core.environment:checking '/home/golfsko/dev_ws/install/joy_tester/lib/python3.10/site-packages'
[1.591s] Level 1:colcon.colcon_core.shell:create_environment_hook('joy_tester', 'pythonpath')
[1.591s] INFO:colcon.colcon_core.shell:Creating environment hook '/home/golfsko/dev_ws/install/joy_tester/share/joy_tester/hook/pythonpath.ps1'
[1.592s] INFO:colcon.colcon_core.shell:Creating environment descriptor '/home/golfsko/dev_ws/install/joy_tester/share/joy_tester/hook/pythonpath.dsv'
[1.593s] INFO:colcon.colcon_core.shell:Creating environment hook '/home/golfsko/dev_ws/install/joy_tester/share/joy_tester/hook/pythonpath.sh'
[1.594s] Level 1:colcon.colcon_core.environment:checking '/home/golfsko/dev_ws/install/joy_tester/bin'
[1.594s] Level 1:colcon.colcon_core.environment:create_environment_scripts_only(joy_tester)
[1.594s] INFO:colcon.colcon_core.shell:Creating package script '/home/golfsko/dev_ws/install/joy_tester/share/joy_tester/package.ps1'
[1.595s] INFO:colcon.colcon_core.shell:Creating package descriptor '/home/golfsko/dev_ws/install/joy_tester/share/joy_tester/package.dsv'
[1.596s] INFO:colcon.colcon_core.shell:Creating package script '/home/golfsko/dev_ws/install/joy_tester/share/joy_tester/package.sh'
[1.597s] INFO:colcon.colcon_core.shell:Creating package script '/home/golfsko/dev_ws/install/joy_tester/share/joy_tester/package.bash'
[1.597s] INFO:colcon.colcon_core.shell:Creating package script '/home/golfsko/dev_ws/install/joy_tester/share/joy_tester/package.zsh'
[1.598s] Level 1:colcon.colcon_core.environment:create_file_with_runtime_dependencies(/home/golfsko/dev_ws/install/joy_tester/share/colcon-core/packages/joy_tester)
[1.599s] DEBUG:colcon.colcon_parallel_executor.executor.parallel:closing loop
[1.602s] DEBUG:colcon.colcon_parallel_executor.executor.parallel:loop closed
[1.603s] DEBUG:colcon.colcon_parallel_executor.executor.parallel:run_until_complete finished with '0'
[1.603s] DEBUG:colcon.colcon_core.event_reactor:joining thread
[1.609s] INFO:colcon.colcon_core.plugin_system:Skipping extension 'colcon_notification.desktop_notification.terminal_notifier': Not used on non-Darwin systems
[1.610s] INFO:colcon.colcon_core.plugin_system:Skipping extension 'colcon_notification.desktop_notification.win32': Not used on non-Windows systems
[1.610s] INFO:colcon.colcon_notification.desktop_notification:Sending desktop notification using 'notify2'
[1.637s] DEBUG:colcon.colcon_core.event_reactor:joined thread
[1.638s] INFO:colcon.colcon_core.shell:Creating prefix script '/home/golfsko/dev_ws/install/local_setup.ps1'
[1.640s] INFO:colcon.colcon_core.shell:Creating prefix util module '/home/golfsko/dev_ws/install/_local_setup_util_ps1.py'
[1.643s] INFO:colcon.colcon_core.shell:Creating prefix chain script '/home/golfsko/dev_ws/install/setup.ps1'
[1.646s] INFO:colcon.colcon_core.shell:Creating prefix script '/home/golfsko/dev_ws/install/local_setup.sh'
[1.648s] INFO:colcon.colcon_core.shell:Creating prefix util module '/home/golfsko/dev_ws/install/_local_setup_util_sh.py'
[1.650s] INFO:colcon.colcon_core.shell:Creating prefix chain script '/home/golfsko/dev_ws/install/setup.sh'
[1.652s] INFO:colcon.colcon_core.shell:Creating prefix script '/home/golfsko/dev_ws/install/local_setup.bash'
[1.653s] INFO:colcon.colcon_core.shell:Creating prefix chain script '/home/golfsko/dev_ws/install/setup.bash'
[1.655s] INFO:colcon.colcon_core.shell:Creating prefix script '/home/golfsko/dev_ws/install/local_setup.zsh'
[1.656s] INFO:colcon.colcon_core.shell:Creating prefix chain script '/home/golfsko/dev_ws/install/setup.zsh'
