[0.043s] Invoking command in '/home/golfsko/dev_ws/build/robotklipper': CMAKE_PREFIX_PATH=/home/golfsko/ros2_ws/install/my_py_pkg:/opt/ros/humble /usr/bin/cmake /home/golfsko/dev_ws/src/robotklipper -DCMAKE_INSTALL_PREFIX=/home/golfsko/dev_ws/install/robotklipper
[0.063s] -- Found ament_cmake: 1.3.11 (/opt/ros/humble/share/ament_cmake/cmake)
[0.203s] -- Override CMake install command with custom implementation using symlinks instead of copying resources
[0.216s] -- Found ament_lint_auto: 0.12.11 (/opt/ros/humble/share/ament_lint_auto/cmake)
[0.299s] -- Added test 'copyright' to check source files copyright and LICENSE
[0.313s] -- Added test 'flake8' to check Python code syntax and style conventions
[0.315s] -- Added test 'lint_cmake' to check CMake code style
[0.317s] -- Added test 'pep257' to check Python code against some of the docstring style conventions in PEP 257
[0.324s] -- Added test 'xmllint' to check XML markup files
[0.325s] -- Configuring done
[0.347s] -- Generating done
[0.348s] -- Build files have been written to: /home/golfsko/dev_ws/build/robotklipper
[0.362s] Invoked command in '/home/golfsko/dev_ws/build/robotklipper' returned '0': CMAKE_PREFIX_PATH=/home/golfsko/ros2_ws/install/my_py_pkg:/opt/ros/humble /usr/bin/cmake /home/golfsko/dev_ws/src/robotklipper -DCMAKE_INSTALL_PREFIX=/home/golfsko/dev_ws/install/robotklipper
[0.363s] Invoking command in '/home/golfsko/dev_ws/build/robotklipper': CMAKE_PREFIX_PATH=/home/golfsko/ros2_ws/install/my_py_pkg:/opt/ros/humble /usr/bin/cmake --build /home/golfsko/dev_ws/build/robotklipper -- -j6 -l6
[0.451s] Invoked command in '/home/golfsko/dev_ws/build/robotklipper' returned '0': CMAKE_PREFIX_PATH=/home/golfsko/ros2_ws/install/my_py_pkg:/opt/ros/humble /usr/bin/cmake --build /home/golfsko/dev_ws/build/robotklipper -- -j6 -l6
[0.469s] Invoking command in '/home/golfsko/dev_ws/build/robotklipper': CMAKE_PREFIX_PATH=/home/golfsko/ros2_ws/install/my_py_pkg:/opt/ros/humble /usr/bin/cmake --install /home/golfsko/dev_ws/build/robotklipper
[0.481s] -- Install configuration: ""
[0.481s] -- Execute custom install script
[0.482s] -- Up-to-date symlink: /home/golfsko/dev_ws/install/robotklipper/share/robotklipper/config/empty.yaml
[0.482s] -- Up-to-date symlink: /home/golfsko/dev_ws/install/robotklipper/share/robotklipper/config/my_controllers.yaml
[0.483s] -- Up-to-date symlink: /home/golfsko/dev_ws/install/robotklipper/share/robotklipper/description/gazebo_control.xacro
[0.484s] -- Up-to-date symlink: /home/golfsko/dev_ws/install/robotklipper/share/robotklipper/description/inertial_macros.xacro
[0.484s] -- Up-to-date symlink: /home/golfsko/dev_ws/install/robotklipper/share/robotklipper/description/robot.urdf.xacro
[0.484s] -- Up-to-date symlink: /home/golfsko/dev_ws/install/robotklipper/share/robotklipper/description/robot_core.xacro
[0.484s] -- Up-to-date symlink: /home/golfsko/dev_ws/install/robotklipper/share/robotklipper/description/ros2_control.xacro
[0.484s] -- Up-to-date symlink: /home/golfsko/dev_ws/install/robotklipper/share/robotklipper/launch/launch_sim.launch.py
[0.484s] -- Up-to-date symlink: /home/golfsko/dev_ws/install/robotklipper/share/robotklipper/launch/rsp.launch.py
[0.485s] -- Up-to-date symlink: /home/golfsko/dev_ws/install/robotklipper/share/robotklipper/worlds/empty.world
[0.485s] -- Up-to-date symlink: /home/golfsko/dev_ws/install/robotklipper/share/robotklipper/worlds/obstacles.world
[0.485s] -- Up-to-date symlink: /home/golfsko/dev_ws/install/robotklipper/share/ament_index/resource_index/package_run_dependencies/robotklipper
[0.485s] -- Up-to-date symlink: /home/golfsko/dev_ws/install/robotklipper/share/ament_index/resource_index/parent_prefix_path/robotklipper
[0.486s] -- Up-to-date symlink: /home/golfsko/dev_ws/install/robotklipper/share/robotklipper/environment/ament_prefix_path.sh
[0.487s] -- Up-to-date symlink: /home/golfsko/dev_ws/install/robotklipper/share/robotklipper/environment/ament_prefix_path.dsv
[0.487s] -- Up-to-date symlink: /home/golfsko/dev_ws/install/robotklipper/share/robotklipper/environment/path.sh
[0.487s] -- Up-to-date symlink: /home/golfsko/dev_ws/install/robotklipper/share/robotklipper/environment/path.dsv
[0.488s] -- Up-to-date symlink: /home/golfsko/dev_ws/install/robotklipper/share/robotklipper/local_setup.bash
[0.488s] -- Up-to-date symlink: /home/golfsko/dev_ws/install/robotklipper/share/robotklipper/local_setup.sh
[0.488s] -- Up-to-date symlink: /home/golfsko/dev_ws/install/robotklipper/share/robotklipper/local_setup.zsh
[0.488s] -- Up-to-date symlink: /home/golfsko/dev_ws/install/robotklipper/share/robotklipper/local_setup.dsv
[0.488s] -- Symlinking: /home/golfsko/dev_ws/install/robotklipper/share/robotklipper/package.dsv
[0.504s] -- Up-to-date symlink: /home/golfsko/dev_ws/install/robotklipper/share/ament_index/resource_index/packages/robotklipper
[0.505s] -- Up-to-date symlink: /home/golfsko/dev_ws/install/robotklipper/share/robotklipper/cmake/robotklipperConfig.cmake
[0.505s] -- Up-to-date symlink: /home/golfsko/dev_ws/install/robotklipper/share/robotklipper/cmake/robotklipperConfig-version.cmake
[0.505s] -- Up-to-date symlink: /home/golfsko/dev_ws/install/robotklipper/share/robotklipper/package.xml
[0.507s] Invoked command in '/home/golfsko/dev_ws/build/robotklipper' returned '0': CMAKE_PREFIX_PATH=/home/golfsko/ros2_ws/install/my_py_pkg:/opt/ros/humble /usr/bin/cmake --install /home/golfsko/dev_ws/build/robotklipper
